Started at Mon Feb 28 14:38:33 UTC 2022
Processing build
Offering build to Project Build Discarder
Processing c-project
Offering c-project to Project Build Discarder
Processing deploy
Offering deploy to Project Build Discarder
Processing test
Offering test to Project Build Discarder
Finished at Mon Feb 28 14:38:33 UTC 2022. 8ms
Started at Mon Feb 28 15:38:33 UTC 2022
Processing build
Offering build to Project Build Discarder
Processing c-project
Offering c-project to Project Build Discarder
Processing deploy
Offering deploy to Project Build Discarder
Processing test
Offering test to Project Build Discarder
Finished at Mon Feb 28 15:38:33 UTC 2022. 4ms
Started at Mon Feb 28 16:38:33 UTC 2022
Processing build
Offering build to Project Build Discarder
Processing c-project
Offering c-project to Project Build Discarder
Processing deploy
Offering deploy to Project Build Discarder
Processing test
Offering test to Project Build Discarder
Finished at Mon Feb 28 16:38:33 UTC 2022. 1ms
